<?xml version="1.0" encoding="UTF-8"?>
<!-- Generated by org.testng.reporters.JUnitReportReporter -->
<testsuite skipped="2" hostname="namet5" name="com.torenzo.qa.testcases.SplitReceiptMultipleOptionsTest" tests="2" failures="0" timestamp="29 Oct 2018 11:49:45 GMT" time="0.000" errors="0">
  <testcase name="TakeoutOrder" time="0.000" classname="com.torenzo.qa.testcases.SplitReceiptMultipleOptionsTest">
    <skipped/>
  </testcase> <!-- TakeoutOrder -->
  <testcase name="payment" time="0.000" classname="com.torenzo.qa.testcases.SplitReceiptMultipleOptionsTest">
    <skipped/>
  </testcase> <!-- payment -->
</testsuite> <!-- com.torenzo.qa.testcases.SplitReceiptMultipleOptionsTest -->
