<?xml version="1.0" encoding="UTF-8"?>
<!-- Generated by org.testng.reporters.JUnitReportReporter -->
<testsuite skipped="0" hostname="namet5" name="com.torenzo.qa.testcases.SwipeAndDeleteItemTest" tests="1" failures="0" timestamp="24 Oct 2018 04:45:30 GMT" time="384.920" errors="0">
  <testcase name="Takeoutorder" time="384.920" classname="com.torenzo.qa.testcases.SwipeAndDeleteItemTest"/>
</testsuite> <!-- com.torenzo.qa.testcases.SwipeAndDeleteItemTest -->
