<?xml version="1.0" encoding="UTF-8"?>
<!-- Generated by org.testng.reporters.JUnitReportReporter -->
<testsuite skipped="0" hostname="namet5" name="com.torenzo.qa.testcases.ReservationTest" tests="3" failures="0" timestamp="24 Oct 2018 10:13:29 GMT" time="825.654" errors="0">
  <testcase name="verifyTableViewIcon" time="43.516" classname="com.torenzo.qa.testcases.ReservationTest"/>
  <testcase name="verifyReservation" time="381.384" classname="com.torenzo.qa.testcases.ReservationTest"/>
  <testcase name="reservationTransfer" time="400.754" classname="com.torenzo.qa.testcases.ReservationTest"/>
</testsuite> <!-- com.torenzo.qa.testcases.ReservationTest -->
