<?xml version="1.0" encoding="UTF-8"?>
<!-- Generated by org.testng.reporters.JUnitReportReporter -->
<testsuite skipped="0" hostname="namet5" name="com.torenzo.qa.testcases.ItemModificationTest" tests="6" failures="0" timestamp="23 Oct 2018 13:58:26 GMT" time="492.823" errors="0">
  <testcase name="modifyorder" time="227.502" classname="com.torenzo.qa.testcases.ItemModificationTest"/>
  <testcase name="reOrder" time="15.980" classname="com.torenzo.qa.testcases.ItemModificationTest"/>
  <testcase name="modifier" time="35.258" classname="com.torenzo.qa.testcases.ItemModificationTest"/>
  <testcase name="Discount" time="98.210" classname="com.torenzo.qa.testcases.ItemModificationTest"/>
  <testcase name="Quantity" time="40.233" classname="com.torenzo.qa.testcases.ItemModificationTest"/>
  <testcase name="delete" time="75.640" classname="com.torenzo.qa.testcases.ItemModificationTest"/>
</testsuite> <!-- com.torenzo.qa.testcases.ItemModificationTest -->
