<?xml version="1.0" encoding="UTF-8"?>
<!-- Generated by org.testng.reporters.JUnitReportReporter -->
<testsuite skipped="0" hostname="namet5" name="com.torenzo.qa.testcases.TableStructurePageTest" tests="4" failures="0" timestamp="23 Oct 2018 14:19:42 GMT" time="459.713" errors="0">
  <testcase name="loginApp" time="72.253" classname="com.torenzo.qa.testcases.TableStructurePageTest"/>
  <testcase name="validateTableStrucutre" time="20.706" classname="com.torenzo.qa.testcases.TableStructurePageTest"/>
  <testcase name="selectEmptyTable" time="326.994" classname="com.torenzo.qa.testcases.TableStructurePageTest"/>
  <testcase name="getPaymentDone" time="39.760" classname="com.torenzo.qa.testcases.TableStructurePageTest"/>
</testsuite> <!-- com.torenzo.qa.testcases.TableStructurePageTest -->
