<?xml version="1.0" encoding="UTF-8"?>
<!-- Generated by org.testng.reporters.JUnitReportReporter -->
<testsuite skipped="0" hostname="namet5" name="com.torenzo.qa.testcases.OrderCreateAndPayThroughSeated" tests="3" failures="0" timestamp="24 Oct 2018 08:07:57 GMT" time="458.295" errors="0">
  <testcase name="orderWithTable" time="43.338" classname="com.torenzo.qa.testcases.OrderCreateAndPayThroughSeated"/>
  <testcase name="tableStrucuterVerify" time="69.579" classname="com.torenzo.qa.testcases.OrderCreateAndPayThroughSeated"/>
  <testcase name="addguestandItem" time="345.378" classname="com.torenzo.qa.testcases.OrderCreateAndPayThroughSeated"/>
</testsuite> <!-- com.torenzo.qa.testcases.OrderCreateAndPayThroughSeated -->
