<?xml version="1.0" encoding="UTF-8"?>
<!-- Generated by org.testng.reporters.JUnitReportReporter -->
<testsuite skipped="2" hostname="namet5" name="com.torenzo.qa.testcases.ReportsTest" tests="2" failures="0" timestamp="29 Oct 2018 11:49:45 GMT" time="0.000" errors="0">
  <testcase name="ordercreate" time="0.000" classname="com.torenzo.qa.testcases.ReportsTest">
    <skipped/>
  </testcase> <!-- ordercreate -->
  <testcase name="orderpaid" time="0.000" classname="com.torenzo.qa.testcases.ReportsTest">
    <skipped/>
  </testcase> <!-- orderpaid -->
</testsuite> <!-- com.torenzo.qa.testcases.ReportsTest -->
