<?xml version="1.0" encoding="UTF-8"?>
<!-- Generated by org.testng.reporters.JUnitReportReporter -->
<testsuite skipped="1" hostname="namet5" name="com.torenzo.qa.testcases.SwappingItemTest" tests="1" failures="0" timestamp="29 Oct 2018 11:49:45 GMT" time="0.000" errors="0">
  <testcase name="swapitem" time="0.000" classname="com.torenzo.qa.testcases.SwappingItemTest">
    <skipped/>
  </testcase> <!-- swapitem -->
</testsuite> <!-- com.torenzo.qa.testcases.SwappingItemTest -->
